[2025-06-11T14:15:00] False positive
[2025-06-12T21:12:00] Isolation forest
[2025-06-13T20:22:00] False positive
[2025-06-14T14:20:00] LSTM AE
[2025-06-18T16:43:00] LSTM AE
[2025-06-20T17:35:00] Prophet
[2025-06-20T14:00:00] LSTM AE
[2025-06-23T10:10:00] Prophet
[2025-06-23T19:53:00] False positive
[2025-07-01T19:18:00] Isolation forest
[2025-07-02T10:31:00] LSTM AE
[2025-07-13T09:34:00] False positive
[2025-07-15T11:26:00] False positive
[2025-07-17T14:41:00] LSTM AE
[2025-07-21T09:49:00] Isolation forest
[2025-07-24T21:19:00] Prophet
[2025-07-24T11:33:00] Isolation forest
[2025-07-25T09:57:00] Isolation forest
[2025-07-28T16:31:00] Prophet
[2025-07-30T14:29:00] False positive
[2025-07-30T12:48:00] Prophet
[2025-07-31T14:12:00] LSTM AE
[2025-08-04T16:28:00] Isolation forest
[2025-08-06T10:44:00] LSTM AE
[2025-08-08T21:25:00] Prophet
[2025-08-08T11:32:00] False positive
[2025-08-08T15:18:00] Isolation forest
[2025-08-09T14:45:00] Isolation forest
[2025-08-13T14:09:00] LSTM AE
[2025-08-15T17:59:00] Isolation forest
[2025-08-15T11:24:00] False positive
[2025-08-16T09:28:00] Prophet
[2025-08-17T19:22:00] Isolation forest
[2025-08-18T14:19:00] LSTM AE
[2025-08-19T10:19:00] Isolation forest
[2025-08-19T21:55:00] False positive
[2025-08-21T11:41:00] Isolation forest
[2025-08-23T19:30:00] False positive
[2025-08-23T13:51:00] LSTM AE
[2025-08-25T17:43:00] LSTM AE
[2025-08-28T10:33:00] False positive
[2025-08-29T15:18:00] False positive
[2025-09-01T19:52:00] False positive
[2025-09-01T15:32:00] False positive
[2025-09-04T09:56:00] False positive
[2025-09-04T14:35:00] Isolation forest
[2025-09-08T18:32:00] LSTM AE
[2025-09-08T11:35:00] False positive
[2025-09-09T12:25:00] LSTM AE
[2025-09-11T12:04:00] Isolation forest
[2025-09-12T14:53:00] Prophet
[2025-09-15T11:10:00] LSTM AE
[2025-09-16T15:05:00] False positive
[2025-09-16T16:19:00] False positive
[2025-09-17T16:01:00] Prophet
[2025-09-17T19:33:00] Isolation forest
[2025-09-17T13:16:00] Isolation forest
[2025-09-20T09:12:00] Prophet
[2025-09-24T13:51:00] Isolation forest
[2025-09-25T15:16:00] Isolation forest
[2025-09-25T15:40:00] LSTM AE
[2025-09-26T16:25:00] False positive
[2025-09-29T14:14:00] Prophet
[2025-09-29T14:34:00] Isolation forest
[2025-10-01T11:15:00] Prophet
[2025-10-01T18:02:00] False positive
[2025-10-02T17:26:00] LSTM AE
[2025-10-03T12:40:00] False positive
[2025-10-04T16:02:00] Prophet
[2025-10-05T21:24:00] False positive
[2025-10-05T12:30:00] LSTM AE
[2025-10-06T16:35:00] False positive
[2025-10-07T18:23:00] Isolation forest
[2025-10-07T20:54:00] False positive
[2025-10-11T10:15:00] LSTM AE
[2025-10-13T11:28:00] Prophet
[2025-10-15T16:38:00] Isolation forest
[2025-10-17T18:10:00] LSTM AE
[2025-10-17T14:25:00] False positive
[2025-10-21T14:42:00] False positive
[2025-10-21T21:47:00] Prophet
[2025-10-24T09:41:00] False positive
[2025-10-28T09:45:00] Prophet
[2025-10-31T09:54:00] LSTM AE
[2025-11-01T21:03:00] False positive
[2025-11-02T21:41:00] Isolation forest
[2025-11-03T14:03:00] Isolation forest
[2025-11-05T17:52:00] False positive
[2025-11-08T21:31:00] Prophet
[2025-11-09T17:20:00] Prophet
[2025-11-11T14:28:00] Isolation forest
[2025-11-20T19:44:00] Isolation forest
[2025-11-20T21:00:00] False positive
[2025-11-20T10:08:00] LSTM AE
[2025-11-21T11:53:00] Prophet
[2025-11-21T19:16:00] Isolation forest
[2025-11-26T09:55:00] Isolation forest
[2025-11-26T11:59:00] Prophet
[2025-11-28T16:52:00] Isolation forest
[2025-12-02T16:49:00] LSTM AE
[2025-12-05T20:04:00] Isolation forest
[2025-12-05T11:42:00] Prophet
[2025-12-08T12:13:00] Prophet
[2025-12-11T16:14:00] False positive
[2025-12-11T13:15:00] Prophet
[2025-12-16T21:13:00] LSTM AE
[2025-12-17T10:08:00] Prophet
[2025-12-17T18:53:00] LSTM AE
[2025-12-18T18:08:00] LSTM AE
[2025-12-18T10:27:00] LSTM AE
[2025-12-18T09:40:00] LSTM AE
[2025-12-19T10:10:00] Prophet
[2025-12-21T18:40:00] Prophet
[2025-12-22T19:37:00] Prophet
[2025-12-23T20:24:00] LSTM AE
[2025-12-26T17:56:00] Prophet
[2025-12-29T11:31:00] Isolation forest
[2025-12-31T09:37:00] False positive
[2025-12-31T12:38:00] False positive
[2026-01-05T13:50:00] False positive
[2026-01-05T11:27:00] Isolation forest
[2026-01-06T18:58:00] LSTM AE
[2026-01-06T11:59:00] False positive
[2026-01-06T21:41:00] Isolation forest
[2026-01-08T14:16:00] Prophet
[2026-01-09T17:36:00] LSTM AE
[2026-01-11T21:16:00] False positive
[2026-01-12T14:12:00] Prophet
[2026-01-13T11:19:00] False positive
[2026-01-14T20:11:00] Prophet
[2026-01-15T11:30:00] Prophet
[2026-01-20T12:28:00] False positive
[2026-01-21T19:14:00] LSTM AE
[2026-01-21T18:55:00] Isolation forest
[2026-01-25T10:48:00] False positive
[2026-01-27T10:22:00] Isolation forest
[2026-01-27T14:44:00] False positive
[2026-01-27T20:29:00] LSTM AE
[2026-01-29T21:41:00] False positive
[2026-01-30T11:50:00] False positive
[2026-01-30T11:02:00] Isolation forest
[2026-02-02T10:56:00] False positive
[2026-02-02T19:47:00] Isolation forest
[2026-02-03T11:03:00] Prophet
[2026-02-03T10:57:00] False positive
[2026-02-04T13:43:00] False positive
[2026-02-05T15:31:00] Prophet
[2026-02-10T21:52:00] False positive
[2026-02-10T18:27:00] False positive
[2026-02-10T14:14:00] Prophet
[2026-02-11T12:51:00] Isolation forest
[2026-02-12T12:39:00] False positive
[2026-02-12T16:14:00] Isolation forest
[2026-02-16T13:22:00] False positive
[2026-02-16T15:35:00] Prophet
[2026-02-16T18:25:00] Prophet
[2026-02-17T15:48:00] LSTM AE
[2026-02-17T21:46:00] Isolation forest
[2026-02-19T20:06:00] False positive
[2026-02-24T13:13:00] False positive
[2026-02-24T19:13:00] Prophet
[2026-02-26T11:43:00] False positive
[2026-03-05T14:11:00] LSTM AE
[2026-03-05T19:23:00] LSTM AE
[2026-03-05T14:40:00] Isolation forest
[2026-03-06T18:54:00] Prophet
[2026-03-09T13:33:00] Prophet
[2026-03-09T19:15:00] Isolation forest
[2026-03-10T18:39:00] LSTM AE
[2026-03-13T09:07:00] Prophet
[2026-03-13T15:46:00] Prophet
[2026-03-13T21:23:00] LSTM AE
[2026-03-15T10:12:00] Isolation forest
[2026-03-17T14:57:00] Prophet
[2026-03-18T19:17:00] LSTM AE
[2026-03-18T19:20:00] False positive
[2026-03-19T17:42:00] Isolation forest
[2026-03-28T19:45:00] LSTM AE
[2026-03-29T21:59:00] Prophet
[2026-03-29T18:21:00] Isolation forest
[2026-03-30T11:28:00] LSTM AE
[2026-03-30T11:45:00] Prophet
[2026-03-30T13:41:00] LSTM AE
[2026-03-30T14:38:00] False positive
[2026-03-30T11:45:00] Prophet
[2026-04-02T11:39:00] LSTM AE
[2026-04-02T09:30:00] LSTM AE
[2026-04-02T19:00:00] False positive
[2026-04-02T16:43:00] Isolation forest
[2026-04-05T15:29:00] LSTM AE
[2026-04-10T11:22:00] Isolation forest
[2026-04-11T19:59:00] False positive
[2026-04-12T15:28:00] Isolation forest
[2026-04-12T15:06:00] False positive
[2026-04-13T17:47:00] False positive
[2026-04-14T18:27:00] LSTM AE
[2026-04-17T16:13:00] LSTM AE
[2026-04-20T21:21:00] False positive
[2026-04-21T20:00:00] Prophet
[2026-04-21T11:05:00] Isolation forest
[2026-04-24T09:52:00] LSTM AE
[2026-04-29T16:07:00] LSTM AE
[2026-04-29T15:10:00] Prophet
[2026-05-01T19:00:00] False positive
[2026-05-03T13:15:00] Prophet
[2026-05-04T19:11:00] LSTM AE
[2026-05-04T21:37:00] False positive
[2026-05-04T18:04:00] LSTM AE
[2026-05-05T21:22:00] False positive
[2026-05-05T13:38:00] False positive
[2026-05-07T19:05:00] Prophet
[2026-05-09T11:48:00] False positive
[2026-05-10T11:59:00] Prophet
[2026-05-11T15:10:00] Prophet
[2026-05-18T12:53:00] Prophet
[2026-05-19T14:57:00] False positive
[2026-05-19T09:13:00] False positive
[2026-05-20T10:59:00] Prophet
[2026-05-20T19:17:00] LSTM AE
[2026-05-23T12:33:00] Isolation forest
[2026-05-25T09:24:00] False positive
[2026-05-26T14:06:00] LSTM AE
[2026-05-28T14:30:00] Isolation forest
[2026-05-28T19:34:00] LSTM AE
[2026-05-31T10:39:00] Prophet
[2026-06-01T10:49:00] LSTM AE
[2026-06-01T13:06:00] Prophet
[2026-06-03T17:21:00] Isolation forest
[2026-06-03T18:02:00] LSTM AE
[2026-06-04T12:39:00] Isolation forest
[2026-06-05T09:37:00] Isolation forest
[2026-06-05T17:25:00] LSTM AE
[2026-06-09T12:43:00] LSTM AE
[2026-06-09T12:29:00] Prophet
[2026-06-09T18:45:00] False positive
[2026-06-11T13:49:00] Isolation forest
[2025-06-12T17:28:14] Update documentation for deployment options
[2025-06-15T17:54:41] Implement ensemble of multiple detectors
[2025-06-16T10:14:33] Add causal impact analysis for events
[2025-06-16T14:44:01] Implement root cause analysis correlation
[2025-06-17T09:51:21] Fix missing value handling in preprocessing
[2025-06-19T11:56:53] Implement ensemble of multiple detectors
[2025-06-23T19:16:06] Update isolation forest implementation
[2025-06-23T14:14:02] Fix sliding window edge case handling
[2025-06-24T13:28:52] Add causal impact analysis for events
[2025-06-24T12:22:34] WIP: debugging false positive rate spikes
[2025-06-28T19:58:03] Implement LSTM autoencoder for anomaly detection
[2025-06-30T18:23:58] Update Prometheus exporter for metrics
[2025-07-02T13:31:14] Implement LSTM autoencoder for anomaly detection
[2025-07-02T09:47:11] Implement real-time streaming detection
[2025-07-07T19:17:35] WIP: tuning threshold for business metrics
[2025-07-07T20:58:37] WIP: tuning threshold for business metrics
[2025-07-07T09:40:02] Fix missing value handling in preprocessing
[2025-07-08T14:46:28] Add Prophet-based anomaly detection pipeline
[2025-07-09T09:14:32] Add alerting integration with PagerDuty API
[2025-07-09T15:09:03] Fix sliding window edge case handling
[2025-07-10T18:11:30] Implement real-time streaming detection
[2025-07-13T18:48:53] Implement real-time streaming detection
[2025-07-16T16:19:38] Add Prophet-based anomaly detection pipeline
[2025-07-17T17:19:25] Add Prophet-based anomaly detection pipeline
[2025-07-19T13:45:48] Update dashboard with real-time Plotly charts
[2025-07-19T12:37:10] Implement root cause analysis correlation
[2025-07-19T12:27:05] WIP: benchmarking on Yahoo anomaly dataset
[2025-07-21T17:34:35] Add support for multi-variate time series
[2025-07-21T09:46:10] Update isolation forest implementation
[2025-07-22T16:55:52] Add alerting integration with PagerDuty API
[2025-07-23T12:15:21] Add seasonality decomposition for trends
[2025-07-24T16:04:12] WIP: benchmarking on Yahoo anomaly dataset
[2025-07-28T09:30:39] Implement root cause analysis correlation
[2025-07-28T16:45:57] Implement real-time streaming detection
[2025-07-28T16:11:59] WIP: tuning threshold for business metrics
[2025-08-08T10:01:35] Update dashboard with real-time Plotly charts
[2025-08-08T19:58:25] WIP: debugging false positive rate spikes
[2025-08-12T15:19:33] Update documentation for deployment options
[2025-08-12T09:42:49] WIP: tuning threshold for business metrics
[2025-08-14T10:40:04] Add Prophet-based anomaly detection pipeline
[2025-08-15T17:20:31] Update dashboard with real-time Plotly charts
[2025-08-15T13:59:34] Implement unsupervised pretraining pipeline
[2025-08-20T13:28:30] Implement real-time streaming detection
[2025-08-26T16:49:40] WIP: debugging false positive rate spikes
[2025-08-26T10:26:31] Add support for multi-variate time series
[2025-08-27T10:04:00] WIP: debugging false positive rate spikes
[2025-08-28T15:32:11] Add Prophet-based anomaly detection pipeline
[2025-09-01T09:27:55] Update Prometheus exporter for metrics
[2025-09-02T13:39:26] Implement unsupervised pretraining pipeline
[2025-09-03T20:09:32] Add causal impact analysis for events
[2025-09-03T19:14:39] Implement unsupervised pretraining pipeline
[2025-09-08T14:45:24] WIP: debugging false positive rate spikes
[2025-09-09T19:44:37] Implement real-time streaming detection
[2025-09-09T10:47:41] Update documentation for deployment options
[2025-09-10T19:50:42] Add alerting integration with PagerDuty API
[2025-09-10T20:28:18] Add support for multi-variate time series
[2025-09-11T10:42:43] Fix missing value handling in preprocessing
[2025-09-12T12:11:16] Add seasonality decomposition for trends
[2025-09-15T09:05:00] Add support for multi-variate time series
[2025-09-16T19:07:49] Update Prometheus exporter for metrics
[2025-09-16T14:10:37] Fix sliding window edge case handling
[2025-09-16T11:00:49] Implement LSTM autoencoder for anomaly detection
[2025-09-18T15:11:55] Implement real-time streaming detection
[2025-09-18T10:52:55] Add support for multi-variate time series
[2025-09-22T13:31:13] Implement root cause analysis correlation
[2025-09-22T09:56:02] WIP: debugging false positive rate spikes
[2025-09-23T16:28:14] Fix sliding window edge case handling
[2025-09-25T11:09:59] WIP: benchmarking on Yahoo anomaly dataset
[2025-09-29T14:41:51] WIP: debugging false positive rate spikes
[2025-09-29T20:28:38] WIP: benchmarking on Yahoo anomaly dataset
[2025-10-01T19:04:10] Update dashboard with real-time Plotly charts
[2025-10-02T19:04:56] Add Prophet-based anomaly detection pipeline
[2025-10-06T13:01:14] Add Prophet-based anomaly detection pipeline
[2025-10-06T20:24:12] Update dashboard with real-time Plotly charts
[2025-10-07T11:13:29] Add support for multi-variate time series
[2025-10-07T12:33:13] Implement auto-config for new metrics
[2025-10-08T10:59:10] Update Prometheus exporter for metrics
[2025-10-11T15:12:02] Update documentation for deployment options
[2025-10-12T09:59:39] Implement LSTM autoencoder for anomaly detection
[2025-10-14T19:16:32] WIP: debugging false positive rate spikes
[2025-10-16T13:21:34] WIP: debugging false positive rate spikes
[2025-10-16T09:33:45] WIP: benchmarking on Yahoo anomaly dataset
[2025-10-21T13:04:15] Implement ensemble of multiple detectors
[2025-10-21T11:00:24] Update isolation forest implementation
[2025-10-22T20:28:19] Implement unsupervised pretraining pipeline
[2025-10-23T18:13:08] WIP: tuning threshold for business metrics
[2025-10-24T20:58:27] Implement root cause analysis correlation
[2025-10-24T13:47:52] Implement auto-config for new metrics
[2025-10-24T16:08:45] Update documentation for deployment options
[2025-10-27T10:44:14] Implement unsupervised pretraining pipeline
[2025-10-28T18:15:32] Update isolation forest implementation
[2025-10-29T17:22:51] Implement real-time streaming detection
[2025-10-29T15:20:55] Implement LSTM autoencoder for anomaly detection
[2025-10-30T10:01:52] Update documentation for deployment options
[2025-10-30T11:29:01] Add Prophet-based anomaly detection pipeline
[2025-11-01T18:18:28] Implement root cause analysis correlation
[2025-11-07T17:31:51] Update dashboard with real-time Plotly charts
[2025-11-09T11:27:47] Fix missing value handling in preprocessing
[2025-11-12T12:50:18] Add seasonality decomposition for trends
[2025-11-17T17:51:36] Update isolation forest implementation
[2025-11-18T20:57:38] Implement root cause analysis correlation
[2025-11-18T19:33:18] Add alerting integration with PagerDuty API
[2025-11-19T20:28:41] Update Prometheus exporter for metrics
[2025-11-26T13:05:08] Add Prophet-based anomaly detection pipeline
[2025-11-27T10:00:14] Add causal impact analysis for events
[2025-12-05T11:30:49] Fix sliding window edge case handling
[2025-12-05T10:19:53] Update dashboard with real-time Plotly charts
[2025-12-08T17:09:37] Update documentation for deployment options
[2025-12-09T14:00:37] Update dashboard with real-time Plotly charts
[2025-12-10T17:57:37] Update dashboard with real-time Plotly charts
[2025-12-11T13:41:07] Fix sliding window edge case handling
[2025-12-12T16:24:56] Implement unsupervised pretraining pipeline
[2025-12-12T20:52:16] Add seasonality decomposition for trends
[2025-12-12T09:02:49] Add alerting integration with PagerDuty API
[2025-12-13T14:13:28] Fix sliding window edge case handling
[2025-12-14T16:32:02] Add causal impact analysis for events
[2025-12-14T19:52:23] WIP: tuning threshold for business metrics
[2025-12-14T10:48:55] Add causal impact analysis for events
[2025-12-15T19:40:14] Fix missing value handling in preprocessing
[2025-12-16T10:24:16] Update documentation for deployment options
[2025-12-19T15:07:38] Implement auto-config for new metrics
[2025-12-20T19:48:08] Implement ensemble of multiple detectors
[2025-12-21T17:57:19] Add support for multi-variate time series
[2025-12-22T13:37:01] WIP: tuning threshold for business metrics
[2025-12-26T09:06:45] WIP: tuning threshold for business metrics
[2025-12-28T13:46:06] Implement root cause analysis correlation
[2025-12-29T17:57:04] Implement auto-config for new metrics
[2025-12-31T13:41:36] Add support for multi-variate time series
[2026-01-02T19:58:21] Fix sliding window edge case handling
[2026-01-06T17:50:01] Implement unsupervised pretraining pipeline
[2026-01-06T10:39:01] WIP: debugging false positive rate spikes
[2026-01-12T12:55:29] Add support for multi-variate time series
[2026-01-12T15:04:05] Fix sliding window edge case handling
[2026-01-13T18:13:51] Update Prometheus exporter for metrics
[2026-01-13T09:39:52] Update documentation for deployment options
[2026-01-19T19:42:23] Add support for multi-variate time series
[2026-01-19T11:06:28] Add causal impact analysis for events
[2026-01-21T20:11:19] Implement LSTM autoencoder for anomaly detection
[2026-01-22T16:40:25] Update dashboard with real-time Plotly charts
[2026-01-22T16:18:19] WIP: debugging false positive rate spikes
[2026-01-30T13:23:38] WIP: debugging false positive rate spikes
[2026-01-30T17:43:53] Fix missing value handling in preprocessing
[2026-02-02T15:10:26] Add Prophet-based anomaly detection pipeline
[2026-02-04T19:28:04] Implement auto-config for new metrics
[2026-02-08T20:43:38] WIP: benchmarking on Yahoo anomaly dataset
[2026-02-09T10:53:08] Implement unsupervised pretraining pipeline
[2026-02-10T19:51:33] Add support for multi-variate time series
[2026-02-10T11:30:47] Implement real-time streaming detection
[2026-02-11T12:16:29] Add seasonality decomposition for trends
[2026-02-12T14:47:41] WIP: debugging false positive rate spikes
[2026-02-12T18:55:43] Implement auto-config for new metrics
[2026-02-14T12:49:46] Add seasonality decomposition for trends
[2026-02-16T16:05:49] Implement root cause analysis correlation
[2026-02-16T18:25:10] Update documentation for deployment options
[2026-02-19T19:07:54] Add causal impact analysis for events
[2026-02-21T17:10:00] Add seasonality decomposition for trends
[2026-02-23T16:20:41] Fix sliding window edge case handling
[2026-02-23T10:21:57] Add support for multi-variate time series
[2026-02-24T09:39:20] WIP: benchmarking on Yahoo anomaly dataset
[2026-02-27T13:35:51] Implement ensemble of multiple detectors
